This is pdfTeX, Version 3.141592653-2.6-1.40.26 (TeX Live 2024) (preloaded format=pdflatex 2024.3.27)  27 MAR 2024 19:37
entering extended mode
 restricted \write18 enabled.
 file:line:error style messages enabled.
 %&-line parsing enabled.
**main.tex
(./main.tex
LaTeX2e <2023-11-01> patch level 1
L3 programming layer <2024-02-20>
(./eptcs.cls
Document Class: eptcs 2022/05/20 v1.7
(/usr/local/texlive/2024/texmf-dist/tex/latex/base/article.cls
Document Class: article 2023/05/17 v1.4n Standard LaTeX document class
(/usr/local/texlive/2024/texmf-dist/tex/latex/base/size11.clo
File: size11.clo 2023/05/17 v1.4n Standard LaTeX file (size option)
)
\c@part=\count188
\c@section=\count189
\c@subsection=\count190
\c@subsubsection=\count191
\c@paragraph=\count192
\c@subparagraph=\count193
\c@figure=\count194
\c@table=\count195
\abovecaptionskip=\skip48
\belowcaptionskip=\skip49
\bibindent=\dimen140
)
(/usr/local/texlive/2024/texmf-dist/tex/latex/hyperref/hyperref.sty
Package: hyperref 2024-01-20 v7.01h Hypertext links for LaTeX

(/usr/local/texlive/2024/texmf-dist/tex/generic/iftex/iftex.sty
Package: iftex 2022/02/03 v1.0f TeX engine tests
)
(/usr/local/texlive/2024/texmf-dist/tex/latex/graphics/keyval.sty
Package: keyval 2022/05/29 v1.15 key=value parser (DPC)
\KV@toks@=\toks17
)
(/usr/local/texlive/2024/texmf-dist/tex/latex/kvsetkeys/kvsetkeys.sty
Package: kvsetkeys 2022-10-05 v1.19 Key value parser (HO)
)
(/usr/local/texlive/2024/texmf-dist/tex/generic/kvdefinekeys/kvdefinekeys.sty
Package: kvdefinekeys 2019-12-19 v1.6 Define keys (HO)
)
(/usr/local/texlive/2024/texmf-dist/tex/generic/pdfescape/pdfescape.sty
Package: pdfescape 2019/12/09 v1.15 Implements pdfTeX's escape features (HO)

(/usr/local/texlive/2024/texmf-dist/tex/generic/ltxcmds/ltxcmds.sty
Package: ltxcmds 2023-12-04 v1.26 LaTeX kernel commands for general use (HO)
)
(/usr/local/texlive/2024/texmf-dist/tex/generic/pdftexcmds/pdftexcmds.sty
Package: pdftexcmds 2020-06-27 v0.33 Utility functions of pdfTeX for LuaTeX (HO
)

(/usr/local/texlive/2024/texmf-dist/tex/generic/infwarerr/infwarerr.sty
Package: infwarerr 2019/12/03 v1.5 Providing info/warning/error messages (HO)
)
Package pdftexcmds Info: \pdf@primitive is available.
Package pdftexcmds Info: \pdf@ifprimitive is available.
Package pdftexcmds Info: \pdfdraftmode found.
))
(/usr/local/texlive/2024/texmf-dist/tex/latex/hycolor/hycolor.sty
Package: hycolor 2020-01-27 v1.10 Color options for hyperref/bookmark (HO)
)
(/usr/local/texlive/2024/texmf-dist/tex/latex/auxhook/auxhook.sty
Package: auxhook 2019-12-17 v1.6 Hooks for auxiliary files (HO)
)
(/usr/local/texlive/2024/texmf-dist/tex/latex/hyperref/nameref.sty
Package: nameref 2023-11-26 v2.56 Cross-referencing by name of section

(/usr/local/texlive/2024/texmf-dist/tex/latex/refcount/refcount.sty
Package: refcount 2019/12/15 v3.6 Data extraction from label references (HO)
)
(/usr/local/texlive/2024/texmf-dist/tex/generic/gettitlestring/gettitlestring.s
ty
Package: gettitlestring 2019/12/15 v1.6 Cleanup title references (HO)
 (/usr/local/texlive/2024/texmf-dist/tex/latex/kvoptions/kvoptions.sty
Package: kvoptions 2022-06-15 v3.15 Key value format for package options (HO)
))
\c@section@level=\count196
)
(/usr/local/texlive/2024/texmf-dist/tex/latex/etoolbox/etoolbox.sty
Package: etoolbox 2020/10/05 v2.5k e-TeX tools for LaTeX (JAW)
\etb@tempcnta=\count197
)
\@linkdim=\dimen141
\Hy@linkcounter=\count198
\Hy@pagecounter=\count199

(/usr/local/texlive/2024/texmf-dist/tex/latex/hyperref/pd1enc.def
File: pd1enc.def 2024-01-20 v7.01h Hyperref: PDFDocEncoding definition (HO)
Now handling font encoding PD1 ...
... no UTF-8 mapping file for font encoding PD1
)
(/usr/local/texlive/2024/texmf-dist/tex/generic/intcalc/intcalc.sty
Package: intcalc 2019/12/15 v1.3 Expandable calculations with integers (HO)
)
\Hy@SavedSpaceFactor=\count266

(/usr/local/texlive/2024/texmf-dist/tex/latex/hyperref/puenc.def
File: puenc.def 2024-01-20 v7.01h Hyperref: PDF Unicode definition (HO)
Now handling font encoding PU ...
... no UTF-8 mapping file for font encoding PU
)
Package hyperref Info: Hyper figures OFF on input line 4179.
Package hyperref Info: Link nesting OFF on input line 4184.
Package hyperref Info: Hyper index ON on input line 4187.
Package hyperref Info: Plain pages OFF on input line 4194.
Package hyperref Info: Backreferencing OFF on input line 4199.
Package hyperref Info: Implicit mode ON; LaTeX internals redefined.
Package hyperref Info: Bookmarks ON on input line 4446.
\c@Hy@tempcnt=\count267

(/usr/local/texlive/2024/texmf-dist/tex/latex/url/url.sty
\Urlmuskip=\muskip16
Package: url 2013/09/16  ver 3.4  Verb mode for urls, etc.
)
LaTeX Info: Redefining \url on input line 4784.
\XeTeXLinkMargin=\dimen142

(/usr/local/texlive/2024/texmf-dist/tex/generic/bitset/bitset.sty
Package: bitset 2019/12/09 v1.3 Handle bit-vector datatype (HO)

(/usr/local/texlive/2024/texmf-dist/tex/generic/bigintcalc/bigintcalc.sty
Package: bigintcalc 2019/12/15 v1.5 Expandable calculations on big integers (HO
)
))
\Fld@menulength=\count268
\Field@Width=\dimen143
\Fld@charsize=\dimen144
Package hyperref Info: Hyper figures OFF on input line 6063.
Package hyperref Info: Link nesting OFF on input line 6068.
Package hyperref Info: Hyper index ON on input line 6071.
Package hyperref Info: backreferencing OFF on input line 6078.
Package hyperref Info: Link coloring OFF on input line 6083.
Package hyperref Info: Link coloring with OCG OFF on input line 6088.
Package hyperref Info: PDF/A mode OFF on input line 6093.

(/usr/local/texlive/2024/texmf-dist/tex/latex/base/atbegshi-ltx.sty
Package: atbegshi-ltx 2021/01/10 v1.0c Emulation of the original atbegshi
package with kernel methods
)
\Hy@abspage=\count269
\c@Item=\count270
\c@Hfootnote=\count271
)
Package hyperref Info: Driver (autodetected): hpdftex.

(/usr/local/texlive/2024/texmf-dist/tex/latex/hyperref/hpdftex.def
File: hpdftex.def 2024-01-20 v7.01h Hyperref driver for pdfTeX

(/usr/local/texlive/2024/texmf-dist/tex/latex/base/atveryend-ltx.sty
Package: atveryend-ltx 2020/08/19 v1.0a Emulation of the original atveryend pac
kage
with kernel methods
)
\Fld@listcount=\count272
\c@bookmark@seq@number=\count273

(/usr/local/texlive/2024/texmf-dist/tex/latex/rerunfilecheck/rerunfilecheck.sty
Package: rerunfilecheck 2022-07-10 v1.10 Rerun checks for auxiliary files (HO)

(/usr/local/texlive/2024/texmf-dist/tex/generic/uniquecounter/uniquecounter.sty
Package: uniquecounter 2019/12/15 v1.4 Provide unlimited unique counter (HO)
)
Package uniquecounter Info: New unique counter `rerunfilecheck' on input line 2
85.
)
\Hy@SectionHShift=\skip50
) (/usr/local/texlive/2024/texmf-dist/tex/latex/psnfss/mathptmx.sty
Package: mathptmx 2020/03/25 PSNFSS-v9.3 Times w/ Math, improved (SPQR, WaS) 
LaTeX Font Info:    Redeclaring symbol font `operators' on input line 28.
LaTeX Font Info:    Overwriting symbol font `operators' in version `normal'
(Font)                  OT1/cmr/m/n --> OT1/ztmcm/m/n on input line 28.
LaTeX Font Info:    Overwriting symbol font `operators' in version `bold'
(Font)                  OT1/cmr/bx/n --> OT1/ztmcm/m/n on input line 28.
LaTeX Font Info:    Redeclaring symbol font `letters' on input line 29.
LaTeX Font Info:    Overwriting symbol font `letters' in version `normal'
(Font)                  OML/cmm/m/it --> OML/ztmcm/m/it on input line 29.
LaTeX Font Info:    Overwriting symbol font `letters' in version `bold'
(Font)                  OML/cmm/b/it --> OML/ztmcm/m/it on input line 29.
LaTeX Font Info:    Redeclaring symbol font `symbols' on input line 30.
LaTeX Font Info:    Overwriting symbol font `symbols' in version `normal'
(Font)                  OMS/cmsy/m/n --> OMS/ztmcm/m/n on input line 30.
LaTeX Font Info:    Overwriting symbol font `symbols' in version `bold'
(Font)                  OMS/cmsy/b/n --> OMS/ztmcm/m/n on input line 30.
LaTeX Font Info:    Redeclaring symbol font `largesymbols' on input line 31.
LaTeX Font Info:    Overwriting symbol font `largesymbols' in version `normal'
(Font)                  OMX/cmex/m/n --> OMX/ztmcm/m/n on input line 31.
LaTeX Font Info:    Overwriting symbol font `largesymbols' in version `bold'
(Font)                  OMX/cmex/m/n --> OMX/ztmcm/m/n on input line 31.
\symbold=\mathgroup4
\symitalic=\mathgroup5
LaTeX Font Info:    Redeclaring math alphabet \mathbf on input line 34.
LaTeX Font Info:    Overwriting math alphabet `\mathbf' in version `normal'
(Font)                  OT1/cmr/bx/n --> OT1/ptm/bx/n on input line 34.
LaTeX Font Info:    Overwriting math alphabet `\mathbf' in version `bold'
(Font)                  OT1/cmr/bx/n --> OT1/ptm/bx/n on input line 34.
LaTeX Font Info:    Redeclaring math alphabet \mathit on input line 35.
LaTeX Font Info:    Overwriting math alphabet `\mathit' in version `normal'
(Font)                  OT1/cmr/m/it --> OT1/ptm/m/it on input line 35.
LaTeX Font Info:    Overwriting math alphabet `\mathit' in version `bold'
(Font)                  OT1/cmr/bx/it --> OT1/ptm/m/it on input line 35.
LaTeX Info: Redefining \hbar on input line 50.
)
\c@firstpage=\count274
)
(./packages.tex
(/usr/local/texlive/2024/texmf-dist/tex/latex/tools/multicol.sty
Package: multicol 2023/03/30 v1.9f multicolumn formatting (FMi)
\c@tracingmulticols=\count275
\mult@box=\box51
\multicol@leftmargin=\dimen145
\c@unbalance=\count276
\c@collectmore=\count277
\doublecol@number=\count278
\multicoltolerance=\count279
\multicolpretolerance=\count280
\full@width=\dimen146
\page@free=\dimen147
\premulticols=\dimen148
\postmulticols=\dimen149
\multicolsep=\skip51
\multicolbaselineskip=\skip52
\partial@page=\box52
\last@line=\box53
\mc@boxedresult=\box54
\maxbalancingoverflow=\dimen150
\mult@rightbox=\box55
\mult@grightbox=\box56
\mult@firstbox=\box57
\mult@gfirstbox=\box58
\@tempa=\box59
\@tempa=\box60
\@tempa=\box61
\@tempa=\box62
\@tempa=\box63
\@tempa=\box64
\@tempa=\box65
\@tempa=\box66
\@tempa=\box67
\@tempa=\box68
\@tempa=\box69
\@tempa=\box70
\@tempa=\box71
\@tempa=\box72
\@tempa=\box73
\@tempa=\box74
\@tempa=\box75
\@tempa=\box76
\@tempa=\box77
\@tempa=\box78
\@tempa=\box79
\@tempa=\box80
\@tempa=\box81
\@tempa=\box82
\@tempa=\box83
\@tempa=\box84
\@tempa=\box85
\@tempa=\box86
\@tempa=\box87
\@tempa=\box88
\@tempa=\box89
\@tempa=\box90
\@tempa=\box91
\@tempa=\box92
\@tempa=\box93
\@tempa=\box94
\c@minrows=\count281
\c@columnbadness=\count282
\c@finalcolumnbadness=\count283
\last@try=\dimen151
\multicolovershoot=\dimen152
\multicolundershoot=\dimen153
\mult@nat@firstbox=\box95
\colbreak@box=\box96
\mc@col@check@num=\count284
)
(/usr/local/texlive/2024/texmf-dist/tex/latex/tools/enumerate.sty
Package: enumerate 2023/07/04 v3.00 enumerate extensions (DPC)
\@enLab=\toks18
)
(/usr/local/texlive/2024/texmf-dist/tex/latex/enumitem/enumitem.sty
Package: enumitem 2019/06/20 v3.9 Customized lists
\labelindent=\skip53
\enit@outerparindent=\dimen154
\enit@toks=\toks19
\enit@inbox=\box97
\enit@count@id=\count285
\enitdp@description=\count286
)
(/usr/local/texlive/2024/texmf-dist/tex/latex/tocbibind/tocbibind.sty
Package: tocbibind 2010/10/13 v1.5k extra ToC listings
Package tocbibind Info: The document has section divisions on input line 50.


Package tocbibind Note: Using section or other style headings.

) (./tikzit.sty
(/usr/local/texlive/2024/texmf-dist/tex/latex/pgf/frontendlayer/tikz.sty
(/usr/local/texlive/2024/texmf-dist/tex/latex/pgf/basiclayer/pgf.sty
(/usr/local/texlive/2024/texmf-dist/tex/latex/pgf/utilities/pgfrcs.sty
(/usr/local/texlive/2024/texmf-dist/tex/generic/pgf/utilities/pgfutil-common.te
x
\pgfutil@everybye=\toks20
\pgfutil@tempdima=\dimen155
\pgfutil@tempdimb=\dimen156
)
(/usr/local/texlive/2024/texmf-dist/tex/generic/pgf/utilities/pgfutil-latex.def
\pgfutil@abb=\box98
) (/usr/local/texlive/2024/texmf-dist/tex/generic/pgf/utilities/pgfrcs.code.tex
(/usr/local/texlive/2024/texmf-dist/tex/generic/pgf/pgf.revision.tex)
Package: pgfrcs 2023-01-15 v3.1.10 (3.1.10)
))
Package: pgf 2023-01-15 v3.1.10 (3.1.10)

(/usr/local/texlive/2024/texmf-dist/tex/latex/pgf/basiclayer/pgfcore.sty
(/usr/local/texlive/2024/texmf-dist/tex/latex/graphics/graphicx.sty
Package: graphicx 2021/09/16 v1.2d Enhanced LaTeX Graphics (DPC,SPQR)

(/usr/local/texlive/2024/texmf-dist/tex/latex/graphics/graphics.sty
Package: graphics 2022/03/10 v1.4e Standard LaTeX Graphics (DPC,SPQR)

(/usr/local/texlive/2024/texmf-dist/tex/latex/graphics/trig.sty
Package: trig 2021/08/11 v1.11 sin cos tan (DPC)
)
(/usr/local/texlive/2024/texmf-dist/tex/latex/graphics-cfg/graphics.cfg
File: graphics.cfg 2016/06/04 v1.11 sample graphics configuration
)
Package graphics Info: Driver file: pdftex.def on input line 107.

(/usr/local/texlive/2024/texmf-dist/tex/latex/graphics-def/pdftex.def
File: pdftex.def 2022/09/22 v1.2b Graphics/color driver for pdftex
))
\Gin@req@height=\dimen157
\Gin@req@width=\dimen158
)
(/usr/local/texlive/2024/texmf-dist/tex/latex/pgf/systemlayer/pgfsys.sty
(/usr/local/texlive/2024/texmf-dist/tex/generic/pgf/systemlayer/pgfsys.code.tex
Package: pgfsys 2023-01-15 v3.1.10 (3.1.10)
(/usr/local/texlive/2024/texmf-dist/tex/generic/pgf/utilities/pgfkeys.code.tex
\pgfkeys@pathtoks=\toks21
\pgfkeys@temptoks=\toks22

(/usr/local/texlive/2024/texmf-dist/tex/generic/pgf/utilities/pgfkeyslibraryfil
tered.code.tex
\pgfkeys@tmptoks=\toks23
))
\pgf@x=\dimen159
\pgf@y=\dimen160
\pgf@xa=\dimen161
\pgf@ya=\dimen162
\pgf@xb=\dimen163
\pgf@yb=\dimen164
\pgf@xc=\dimen165
\pgf@yc=\dimen166
\pgf@xd=\dimen167
\pgf@yd=\dimen168
\w@pgf@writea=\write3
\r@pgf@reada=\read2
\c@pgf@counta=\count287
\c@pgf@countb=\count288
\c@pgf@countc=\count289
\c@pgf@countd=\count290
\t@pgf@toka=\toks24
\t@pgf@tokb=\toks25
\t@pgf@tokc=\toks26
\pgf@sys@id@count=\count291

(/usr/local/texlive/2024/texmf-dist/tex/generic/pgf/systemlayer/pgf.cfg
File: pgf.cfg 2023-01-15 v3.1.10 (3.1.10)
)
Driver file for pgf: pgfsys-pdftex.def

(/usr/local/texlive/2024/texmf-dist/tex/generic/pgf/systemlayer/pgfsys-pdftex.d
ef
File: pgfsys-pdftex.def 2023-01-15 v3.1.10 (3.1.10)

(/usr/local/texlive/2024/texmf-dist/tex/generic/pgf/systemlayer/pgfsys-common-p
df.def
File: pgfsys-common-pdf.def 2023-01-15 v3.1.10 (3.1.10)
)))
(/usr/local/texlive/2024/texmf-dist/tex/generic/pgf/systemlayer/pgfsyssoftpath.
code.tex
File: pgfsyssoftpath.code.tex 2023-01-15 v3.1.10 (3.1.10)
\pgfsyssoftpath@smallbuffer@items=\count292
\pgfsyssoftpath@bigbuffer@items=\count293
)
(/usr/local/texlive/2024/texmf-dist/tex/generic/pgf/systemlayer/pgfsysprotocol.
code.tex
File: pgfsysprotocol.code.tex 2023-01-15 v3.1.10 (3.1.10)
)) (/usr/local/texlive/2024/texmf-dist/tex/latex/xcolor/xcolor.sty
Package: xcolor 2023/11/15 v3.01 LaTeX color extensions (UK)

(/usr/local/texlive/2024/texmf-dist/tex/latex/graphics-cfg/color.cfg
File: color.cfg 2016/01/02 v1.6 sample color configuration
)
Package xcolor Info: Driver file: pdftex.def on input line 274.

(/usr/local/texlive/2024/texmf-dist/tex/latex/graphics/mathcolor.ltx)
Package xcolor Info: Model `cmy' substituted by `cmy0' on input line 1350.
Package xcolor Info: Model `hsb' substituted by `rgb' on input line 1354.
Package xcolor Info: Model `RGB' extended on input line 1366.
Package xcolor Info: Model `HTML' substituted by `rgb' on input line 1368.
Package xcolor Info: Model `Hsb' substituted by `hsb' on input line 1369.
Package xcolor Info: Model `tHsb' substituted by `hsb' on input line 1370.
Package xcolor Info: Model `HSB' substituted by `hsb' on input line 1371.
Package xcolor Info: Model `Gray' substituted by `gray' on input line 1372.
Package xcolor Info: Model `wave' substituted by `hsb' on input line 1373.
)
(/usr/local/texlive/2024/texmf-dist/tex/generic/pgf/basiclayer/pgfcore.code.tex
Package: pgfcore 2023-01-15 v3.1.10 (3.1.10)
(/usr/local/texlive/2024/texmf-dist/tex/generic/pgf/math/pgfmath.code.tex
(/usr/local/texlive/2024/texmf-dist/tex/generic/pgf/math/pgfmathutil.code.tex)
(/usr/local/texlive/2024/texmf-dist/tex/generic/pgf/math/pgfmathparser.code.tex
\pgfmath@dimen=\dimen169
\pgfmath@count=\count294
\pgfmath@box=\box99
\pgfmath@toks=\toks27
\pgfmath@stack@operand=\toks28
\pgfmath@stack@operation=\toks29
)
(/usr/local/texlive/2024/texmf-dist/tex/generic/pgf/math/pgfmathfunctions.code.
tex)
(/usr/local/texlive/2024/texmf-dist/tex/generic/pgf/math/pgfmathfunctions.basic
.code.tex)
(/usr/local/texlive/2024/texmf-dist/tex/generic/pgf/math/pgfmathfunctions.trigo
nometric.code.tex)
(/usr/local/texlive/2024/texmf-dist/tex/generic/pgf/math/pgfmathfunctions.rando
m.code.tex)
(/usr/local/texlive/2024/texmf-dist/tex/generic/pgf/math/pgfmathfunctions.compa
rison.code.tex)
(/usr/local/texlive/2024/texmf-dist/tex/generic/pgf/math/pgfmathfunctions.base.
code.tex)
(/usr/local/texlive/2024/texmf-dist/tex/generic/pgf/math/pgfmathfunctions.round
.code.tex)
(/usr/local/texlive/2024/texmf-dist/tex/generic/pgf/math/pgfmathfunctions.misc.
code.tex)
(/usr/local/texlive/2024/texmf-dist/tex/generic/pgf/math/pgfmathfunctions.integ
erarithmetics.code.tex)
(/usr/local/texlive/2024/texmf-dist/tex/generic/pgf/math/pgfmathcalc.code.tex)
(/usr/local/texlive/2024/texmf-dist/tex/generic/pgf/math/pgfmathfloat.code.tex
\c@pgfmathroundto@lastzeros=\count295
)) (/usr/local/texlive/2024/texmf-dist/tex/generic/pgf/math/pgfint.code.tex)
(/usr/local/texlive/2024/texmf-dist/tex/generic/pgf/basiclayer/pgfcorepoints.co
de.tex
File: pgfcorepoints.code.tex 2023-01-15 v3.1.10 (3.1.10)
\pgf@picminx=\dimen170
\pgf@picmaxx=\dimen171
\pgf@picminy=\dimen172
\pgf@picmaxy=\dimen173
\pgf@pathminx=\dimen174
\pgf@pathmaxx=\dimen175
\pgf@pathminy=\dimen176
\pgf@pathmaxy=\dimen177
\pgf@xx=\dimen178
\pgf@xy=\dimen179
\pgf@yx=\dimen180
\pgf@yy=\dimen181
\pgf@zx=\dimen182
\pgf@zy=\dimen183
)
(/usr/local/texlive/2024/texmf-dist/tex/generic/pgf/basiclayer/pgfcorepathconst
ruct.code.tex
File: pgfcorepathconstruct.code.tex 2023-01-15 v3.1.10 (3.1.10)
\pgf@path@lastx=\dimen184
\pgf@path@lasty=\dimen185
)
(/usr/local/texlive/2024/texmf-dist/tex/generic/pgf/basiclayer/pgfcorepathusage
.code.tex
File: pgfcorepathusage.code.tex 2023-01-15 v3.1.10 (3.1.10)
\pgf@shorten@end@additional=\dimen186
\pgf@shorten@start@additional=\dimen187
)
(/usr/local/texlive/2024/texmf-dist/tex/generic/pgf/basiclayer/pgfcorescopes.co
de.tex
File: pgfcorescopes.code.tex 2023-01-15 v3.1.10 (3.1.10)
\pgfpic=\box100
\pgf@hbox=\box101
\pgf@layerbox@main=\box102
\pgf@picture@serial@count=\count296
)
(/usr/local/texlive/2024/texmf-dist/tex/generic/pgf/basiclayer/pgfcoregraphicst
ate.code.tex
File: pgfcoregraphicstate.code.tex 2023-01-15 v3.1.10 (3.1.10)
\pgflinewidth=\dimen188
)
(/usr/local/texlive/2024/texmf-dist/tex/generic/pgf/basiclayer/pgfcoretransform
ations.code.tex
File: pgfcoretransformations.code.tex 2023-01-15 v3.1.10 (3.1.10)
\pgf@pt@x=\dimen189
\pgf@pt@y=\dimen190
\pgf@pt@temp=\dimen191
)
(/usr/local/texlive/2024/texmf-dist/tex/generic/pgf/basiclayer/pgfcorequick.cod
e.tex
File: pgfcorequick.code.tex 2023-01-15 v3.1.10 (3.1.10)
)
(/usr/local/texlive/2024/texmf-dist/tex/generic/pgf/basiclayer/pgfcoreobjects.c
ode.tex
File: pgfcoreobjects.code.tex 2023-01-15 v3.1.10 (3.1.10)
)
(/usr/local/texlive/2024/texmf-dist/tex/generic/pgf/basiclayer/pgfcorepathproce
ssing.code.tex
File: pgfcorepathprocessing.code.tex 2023-01-15 v3.1.10 (3.1.10)
)
(/usr/local/texlive/2024/texmf-dist/tex/generic/pgf/basiclayer/pgfcorearrows.co
de.tex
File: pgfcorearrows.code.tex 2023-01-15 v3.1.10 (3.1.10)
\pgfarrowsep=\dimen192
)
(/usr/local/texlive/2024/texmf-dist/tex/generic/pgf/basiclayer/pgfcoreshade.cod
e.tex
File: pgfcoreshade.code.tex 2023-01-15 v3.1.10 (3.1.10)
\pgf@max=\dimen193
\pgf@sys@shading@range@num=\count297
\pgf@shadingcount=\count298
)
(/usr/local/texlive/2024/texmf-dist/tex/generic/pgf/basiclayer/pgfcoreimage.cod
e.tex
File: pgfcoreimage.code.tex 2023-01-15 v3.1.10 (3.1.10)
)
(/usr/local/texlive/2024/texmf-dist/tex/generic/pgf/basiclayer/pgfcoreexternal.
code.tex
File: pgfcoreexternal.code.tex 2023-01-15 v3.1.10 (3.1.10)
\pgfexternal@startupbox=\box103
)
(/usr/local/texlive/2024/texmf-dist/tex/generic/pgf/basiclayer/pgfcorelayers.co
de.tex
File: pgfcorelayers.code.tex 2023-01-15 v3.1.10 (3.1.10)
)
(/usr/local/texlive/2024/texmf-dist/tex/generic/pgf/basiclayer/pgfcoretranspare
ncy.code.tex
File: pgfcoretransparency.code.tex 2023-01-15 v3.1.10 (3.1.10)
)
(/usr/local/texlive/2024/texmf-dist/tex/generic/pgf/basiclayer/pgfcorepatterns.
code.tex
File: pgfcorepatterns.code.tex 2023-01-15 v3.1.10 (3.1.10)
)
(/usr/local/texlive/2024/texmf-dist/tex/generic/pgf/basiclayer/pgfcorerdf.code.
tex
File: pgfcorerdf.code.tex 2023-01-15 v3.1.10 (3.1.10)
)))
(/usr/local/texlive/2024/texmf-dist/tex/generic/pgf/modules/pgfmoduleshapes.cod
e.tex
File: pgfmoduleshapes.code.tex 2023-01-15 v3.1.10 (3.1.10)
\pgfnodeparttextbox=\box104
)
(/usr/local/texlive/2024/texmf-dist/tex/generic/pgf/modules/pgfmoduleplot.code.
tex
File: pgfmoduleplot.code.tex 2023-01-15 v3.1.10 (3.1.10)
)
(/usr/local/texlive/2024/texmf-dist/tex/latex/pgf/compatibility/pgfcomp-version
-0-65.sty
Package: pgfcomp-version-0-65 2023-01-15 v3.1.10 (3.1.10)
\pgf@nodesepstart=\dimen194
\pgf@nodesepend=\dimen195
)
(/usr/local/texlive/2024/texmf-dist/tex/latex/pgf/compatibility/pgfcomp-version
-1-18.sty
Package: pgfcomp-version-1-18 2023-01-15 v3.1.10 (3.1.10)
))
(/usr/local/texlive/2024/texmf-dist/tex/latex/pgf/utilities/pgffor.sty
(/usr/local/texlive/2024/texmf-dist/tex/latex/pgf/utilities/pgfkeys.sty
(/usr/local/texlive/2024/texmf-dist/tex/generic/pgf/utilities/pgfkeys.code.tex)
) (/usr/local/texlive/2024/texmf-dist/tex/latex/pgf/math/pgfmath.sty
(/usr/local/texlive/2024/texmf-dist/tex/generic/pgf/math/pgfmath.code.tex))
(/usr/local/texlive/2024/texmf-dist/tex/generic/pgf/utilities/pgffor.code.tex
Package: pgffor 2023-01-15 v3.1.10 (3.1.10)
\pgffor@iter=\dimen196
\pgffor@skip=\dimen197
\pgffor@stack=\toks30
\pgffor@toks=\toks31
))
(/usr/local/texlive/2024/texmf-dist/tex/generic/pgf/frontendlayer/tikz/tikz.cod
e.tex
Package: tikz 2023-01-15 v3.1.10 (3.1.10)

(/usr/local/texlive/2024/texmf-dist/tex/generic/pgf/libraries/pgflibraryplothan
dlers.code.tex
File: pgflibraryplothandlers.code.tex 2023-01-15 v3.1.10 (3.1.10)
\pgf@plot@mark@count=\count299
\pgfplotmarksize=\dimen198
)
\tikz@lastx=\dimen199
\tikz@lasty=\dimen256
\tikz@lastxsaved=\dimen257
\tikz@lastysaved=\dimen258
\tikz@lastmovetox=\dimen259
\tikz@lastmovetoy=\dimen260
\tikzleveldistance=\dimen261
\tikzsiblingdistance=\dimen262
\tikz@figbox=\box105
\tikz@figbox@bg=\box106
\tikz@tempbox=\box107
\tikz@tempbox@bg=\box108
\tikztreelevel=\count300
\tikznumberofchildren=\count301
\tikznumberofcurrentchild=\count302
\tikz@fig@count=\count303

(/usr/local/texlive/2024/texmf-dist/tex/generic/pgf/modules/pgfmodulematrix.cod
e.tex
File: pgfmodulematrix.code.tex 2023-01-15 v3.1.10 (3.1.10)
\pgfmatrixcurrentrow=\count304
\pgfmatrixcurrentcolumn=\count305
\pgf@matrix@numberofcolumns=\count306
)
\tikz@expandcount=\count307

(/usr/local/texlive/2024/texmf-dist/tex/generic/pgf/frontendlayer/tikz/librarie
s/tikzlibrarytopaths.code.tex
File: tikzlibrarytopaths.code.tex 2023-01-15 v3.1.10 (3.1.10)
)))
(/usr/local/texlive/2024/texmf-dist/tex/generic/pgf/frontendlayer/tikz/librarie
s/tikzlibrarybackgrounds.code.tex
File: tikzlibrarybackgrounds.code.tex 2023-01-15 v3.1.10 (3.1.10)
\pgf@layerbox@background=\box109
\pgf@layerboxsaved@background=\box110
)
(/usr/local/texlive/2024/texmf-dist/tex/generic/pgf/frontendlayer/tikz/librarie
s/tikzlibraryarrows.code.tex
File: tikzlibraryarrows.code.tex 2023-01-15 v3.1.10 (3.1.10)

(/usr/local/texlive/2024/texmf-dist/tex/generic/pgf/libraries/pgflibraryarrows.
code.tex
File: pgflibraryarrows.code.tex 2023-01-15 v3.1.10 (3.1.10)
\arrowsize=\dimen263
))
(/usr/local/texlive/2024/texmf-dist/tex/generic/pgf/frontendlayer/tikz/librarie
s/tikzlibraryshapes.code.tex
File: tikzlibraryshapes.code.tex 2023-01-15 v3.1.10 (3.1.10)

(/usr/local/texlive/2024/texmf-dist/tex/generic/pgf/frontendlayer/tikz/librarie
s/tikzlibraryshapes.geometric.code.tex
File: tikzlibraryshapes.geometric.code.tex 2023-01-15 v3.1.10 (3.1.10)

(/usr/local/texlive/2024/texmf-dist/tex/generic/pgf/libraries/shapes/pgflibrary
shapes.geometric.code.tex
File: pgflibraryshapes.geometric.code.tex 2023-01-15 v3.1.10 (3.1.10)
))
(/usr/local/texlive/2024/texmf-dist/tex/generic/pgf/frontendlayer/tikz/librarie
s/tikzlibraryshapes.misc.code.tex
File: tikzlibraryshapes.misc.code.tex 2023-01-15 v3.1.10 (3.1.10)

(/usr/local/texlive/2024/texmf-dist/tex/generic/pgf/libraries/shapes/pgflibrary
shapes.misc.code.tex
File: pgflibraryshapes.misc.code.tex 2023-01-15 v3.1.10 (3.1.10)
))
(/usr/local/texlive/2024/texmf-dist/tex/generic/pgf/frontendlayer/tikz/librarie
s/tikzlibraryshapes.symbols.code.tex
File: tikzlibraryshapes.symbols.code.tex 2023-01-15 v3.1.10 (3.1.10)

(/usr/local/texlive/2024/texmf-dist/tex/generic/pgf/libraries/shapes/pgflibrary
shapes.symbols.code.tex
File: pgflibraryshapes.symbols.code.tex 2023-01-15 v3.1.10 (3.1.10)
))
(/usr/local/texlive/2024/texmf-dist/tex/generic/pgf/frontendlayer/tikz/librarie
s/tikzlibraryshapes.arrows.code.tex
File: tikzlibraryshapes.arrows.code.tex 2023-01-15 v3.1.10 (3.1.10)

(/usr/local/texlive/2024/texmf-dist/tex/generic/pgf/libraries/shapes/pgflibrary
shapes.arrows.code.tex
File: pgflibraryshapes.arrows.code.tex 2023-01-15 v3.1.10 (3.1.10)
))
(/usr/local/texlive/2024/texmf-dist/tex/generic/pgf/frontendlayer/tikz/librarie
s/tikzlibraryshapes.callouts.code.tex
(/usr/local/texlive/2024/texmf-dist/tex/generic/pgf/libraries/shapes/pgflibrary
shapes.callouts.code.tex))
(/usr/local/texlive/2024/texmf-dist/tex/generic/pgf/frontendlayer/tikz/librarie
s/tikzlibraryshapes.multipart.code.tex
File: tikzlibraryshapes.multipart.code.tex 2023-01-15 v3.1.10 (3.1.10)

(/usr/local/texlive/2024/texmf-dist/tex/generic/pgf/libraries/shapes/pgflibrary
shapes.multipart.code.tex
File: pgflibraryshapes.multipart.code.tex 2023-01-15 v3.1.10 (3.1.10)
\pgfnodepartlowerbox=\box111
\pgfnodeparttwobox=\box112
\pgfnodepartthreebox=\box113
\pgfnodepartfourbox=\box114
\pgfnodeparttwentybox=\box115
\pgfnodepartnineteenbox=\box116
\pgfnodeparteighteenbox=\box117
\pgfnodepartseventeenbox=\box118
\pgfnodepartsixteenbox=\box119
\pgfnodepartfifteenbox=\box120
\pgfnodepartfourteenbox=\box121
\pgfnodepartthirteenbox=\box122
\pgfnodeparttwelvebox=\box123
\pgfnodepartelevenbox=\box124
\pgfnodeparttenbox=\box125
\pgfnodepartninebox=\box126
\pgfnodeparteightbox=\box127
\pgfnodepartsevenbox=\box128
\pgfnodepartsixbox=\box129
\pgfnodepartfivebox=\box130
)))
\pgf@layerbox@edgelayer=\box131
\pgf@layerboxsaved@edgelayer=\box132
\pgf@layerbox@nodelayer=\box133
\pgf@layerboxsaved@nodelayer=\box134
) (./tikz/zxw_styles.tikzstyles)
(/usr/local/texlive/2024/texmf-dist/tex/generic/babel/babel.sty
Package: babel 2024/02/07 v24.2 The Babel package
\babel@savecnt=\count308
\U@D=\dimen264
\l@unhyphenated=\language89

(/usr/local/texlive/2024/texmf-dist/tex/generic/babel/txtbabel.def)
\bbl@readstream=\read3
\bbl@dirlevel=\count309

(/usr/local/texlive/2024/texmf-dist/tex/generic/babel-english/english.ldf
Language: english 2017/06/06 v3.3r English support from the babel system
Package babel Info: Hyphen rules for 'canadian' set to \l@english
(babel)             (\language0). Reported on input line 102.
Package babel Info: Hyphen rules for 'australian' set to \l@ukenglish
(babel)             (\language23). Reported on input line 105.
Package babel Info: Hyphen rules for 'newzealand' set to \l@ukenglish
(babel)             (\language23). Reported on input line 108.
))
(/usr/local/texlive/2024/texmf-dist/tex/generic/babel/locale/en/babel-english.t
ex
Package babel Info: Importing font and identification data for english
(babel)             from babel-en.ini. Reported on input line 11.
) (/usr/local/texlive/2024/texmf-dist/tex/latex/amscls/amsthm.sty
Package: amsthm 2020/05/29 v2.20.6
\thm@style=\toks32
\thm@bodyfont=\toks33
\thm@headfont=\toks34
\thm@notefont=\toks35
\thm@headpunct=\toks36
\thm@preskip=\skip54
\thm@postskip=\skip55
\thm@headsep=\skip56
\dth@everypar=\toks37
)
(/usr/local/texlive/2024/texmf-dist/tex/latex/amsfonts/amsfonts.sty
Package: amsfonts 2013/01/14 v3.01 Basic AMSFonts support
\@emptytoks=\toks38
\symAMSa=\mathgroup6
\symAMSb=\mathgroup7
LaTeX Font Info:    Overwriting math alphabet `\mathfrak' in version `bold'
(Font)                  U/euf/m/n --> U/euf/b/n on input line 106.
)
(/usr/local/texlive/2024/texmf-dist/tex/latex/amsfonts/amssymb.sty
Package: amssymb 2013/01/14 v3.01 AMS font symbols
)
(/usr/local/texlive/2024/texmf-dist/tex/latex/amsmath/amsmath.sty
Package: amsmath 2023/05/13 v2.17o AMS math features
\@mathmargin=\skip57

For additional information on amsmath, use the `?' option.
(/usr/local/texlive/2024/texmf-dist/tex/latex/amsmath/amstext.sty
Package: amstext 2021/08/26 v2.01 AMS text

(/usr/local/texlive/2024/texmf-dist/tex/latex/amsmath/amsgen.sty
File: amsgen.sty 1999/11/30 v2.0 generic functions
\@emptytoks=\toks39
\ex@=\dimen265
))
(/usr/local/texlive/2024/texmf-dist/tex/latex/amsmath/amsbsy.sty
Package: amsbsy 1999/11/29 v1.2d Bold Symbols
\pmbraise@=\dimen266
)
(/usr/local/texlive/2024/texmf-dist/tex/latex/amsmath/amsopn.sty
Package: amsopn 2022/04/08 v2.04 operator names
)
\inf@bad=\count310
LaTeX Info: Redefining \frac on input line 234.
\uproot@=\count311
\leftroot@=\count312
LaTeX Info: Redefining \overline on input line 399.
LaTeX Info: Redefining \colon on input line 410.
\classnum@=\count313
\DOTSCASE@=\count314
LaTeX Info: Redefining \ldots on input line 496.
LaTeX Info: Redefining \dots on input line 499.
LaTeX Info: Redefining \cdots on input line 620.
\Mathstrutbox@=\box135
\strutbox@=\box136
LaTeX Info: Redefining \big on input line 722.
LaTeX Info: Redefining \Big on input line 723.
LaTeX Info: Redefining \bigg on input line 724.
LaTeX Info: Redefining \Bigg on input line 725.
\big@size=\dimen267
LaTeX Font Info:    Redeclaring font encoding OML on input line 743.
LaTeX Font Info:    Redeclaring font encoding OMS on input line 744.
\macc@depth=\count315
LaTeX Info: Redefining \bmod on input line 905.
LaTeX Info: Redefining \pmod on input line 910.
LaTeX Info: Redefining \smash on input line 940.
LaTeX Info: Redefining \relbar on input line 970.
LaTeX Info: Redefining \Relbar on input line 971.
\c@MaxMatrixCols=\count316
\dotsspace@=\muskip17
\c@parentequation=\count317
\dspbrk@lvl=\count318
\tag@help=\toks40
\row@=\count319
\column@=\count320
\maxfields@=\count321
\andhelp@=\toks41
\eqnshift@=\dimen268
\alignsep@=\dimen269
\tagshift@=\dimen270
\tagwidth@=\dimen271
\totwidth@=\dimen272
\lineht@=\dimen273
\@envbody=\toks42
\multlinegap=\skip58
\multlinetaggap=\skip59
\mathdisplay@stack=\toks43
LaTeX Info: Redefining \[ on input line 2953.
LaTeX Info: Redefining \] on input line 2954.
))
(/usr/local/texlive/2024/texmf-dist/tex/latex/cleveref/cleveref.sty
Package: cleveref 2018/03/27 v0.21.4 Intelligent cross-referencing
Package cleveref Info: `hyperref' support loaded on input line 2370.
LaTeX Info: Redefining \cref on input line 2370.
LaTeX Info: Redefining \Cref on input line 2370.
LaTeX Info: Redefining \crefrange on input line 2370.
LaTeX Info: Redefining \Crefrange on input line 2370.
LaTeX Info: Redefining \cpageref on input line 2370.
LaTeX Info: Redefining \Cpageref on input line 2370.
LaTeX Info: Redefining \cpagerefrange on input line 2370.
LaTeX Info: Redefining \Cpagerefrange on input line 2370.
LaTeX Info: Redefining \labelcref on input line 2370.
LaTeX Info: Redefining \labelcpageref on input line 2370.
Package cleveref Info: `amsthm' support loaded on input line 3026.
)
(./commands.tex (./tikz/zxw_styles.tikzstyles)
\c@lemma=\count322
\c@thm=\count323
\c@definition=\count324
\c@prop=\count325
)
LaTeX Font Info:    Trying to load font information for OT1+ptm on input line 2
9.

(/usr/local/texlive/2024/texmf-dist/tex/latex/psnfss/ot1ptm.fd
File: ot1ptm.fd 2001/06/04 font definitions for OT1/ptm.
)
(/usr/local/texlive/2024/texmf-dist/tex/latex/l3backend/l3backend-pdftex.def
File: l3backend-pdftex.def 2024-02-20 L3 backend support: PDF output (pdfTeX)
\l__color_backend_stack_int=\count326
\l__pdf_internal_box=\box137
)
No file main.aux.
\openout1 = `main.aux'.

LaTeX Font Info:    Checking defaults for OML/cmm/m/it on input line 29.
LaTeX Font Info:    ... okay on input line 29.
LaTeX Font Info:    Checking defaults for OMS/cmsy/m/n on input line 29.
LaTeX Font Info:    ... okay on input line 29.
LaTeX Font Info:    Checking defaults for OT1/cmr/m/n on input line 29.
LaTeX Font Info:    ... okay on input line 29.
LaTeX Font Info:    Checking defaults for T1/cmr/m/n on input line 29.
LaTeX Font Info:    ... okay on input line 29.
LaTeX Font Info:    Checking defaults for TS1/cmr/m/n on input line 29.
LaTeX Font Info:    ... okay on input line 29.
LaTeX Font Info:    Checking defaults for OMX/cmex/m/n on input line 29.
LaTeX Font Info:    ... okay on input line 29.
LaTeX Font Info:    Checking defaults for U/cmr/m/n on input line 29.
LaTeX Font Info:    ... okay on input line 29.
LaTeX Font Info:    Checking defaults for PD1/pdf/m/n on input line 29.
LaTeX Font Info:    ... okay on input line 29.
LaTeX Font Info:    Checking defaults for PU/pdf/m/n on input line 29.
LaTeX Font Info:    ... okay on input line 29.
Package hyperref Info: Link coloring OFF on input line 29.
\@outlinefile=\write4
\openout4 = `main.out'.

(/usr/local/texlive/2024/texmf-dist/tex/context/base/mkii/supp-pdf.mkii
[Loading MPS to PDF converter (version 2006.09.02).]
\scratchcounter=\count327
\scratchdimen=\dimen274
\scratchbox=\box138
\nofMPsegments=\count328
\nofMParguments=\count329
\everyMPshowfont=\toks44
\MPscratchCnt=\count330
\MPscratchDim=\dimen275
\MPnumerator=\count331
\makeMPintoPDFobject=\count332
\everyMPtoPDFconversion=\toks45
) (/usr/local/texlive/2024/texmf-dist/tex/latex/epstopdf-pkg/epstopdf-base.sty
Package: epstopdf-base 2020-01-24 v2.11 Base part for package epstopdf
Package epstopdf-base Info: Redefining graphics rule for `.eps' on input line 4
85.

(/usr/local/texlive/2024/texmf-dist/tex/latex/latexconfig/epstopdf-sys.cfg
File: epstopdf-sys.cfg 2010/07/13 v1.3 Configuration of (r)epstopdf for TeX Liv
e
))
LaTeX Font Info:    Trying to load font information for OT1+ztmcm on input line
 32.

(/usr/local/texlive/2024/texmf-dist/tex/latex/psnfss/ot1ztmcm.fd
File: ot1ztmcm.fd 2000/01/03 Fontinst v1.801 font definitions for OT1/ztmcm.
)
LaTeX Font Info:    Trying to load font information for OML+ztmcm on input line
 32.

(/usr/local/texlive/2024/texmf-dist/tex/latex/psnfss/omlztmcm.fd
File: omlztmcm.fd 2000/01/03 Fontinst v1.801 font definitions for OML/ztmcm.
)
LaTeX Font Info:    Trying to load font information for OMS+ztmcm on input line
 32.

(/usr/local/texlive/2024/texmf-dist/tex/latex/psnfss/omsztmcm.fd
File: omsztmcm.fd 2000/01/03 Fontinst v1.801 font definitions for OMS/ztmcm.
)
LaTeX Font Info:    Trying to load font information for OMX+ztmcm on input line
 32.

(/usr/local/texlive/2024/texmf-dist/tex/latex/psnfss/omxztmcm.fd
File: omxztmcm.fd 2000/01/03 Fontinst v1.801 font definitions for OMX/ztmcm.
)
LaTeX Font Info:    Font shape `OT1/ptm/bx/n' in size <9> not available
(Font)              Font shape `OT1/ptm/b/n' tried instead on input line 32.
LaTeX Font Info:    Font shape `OT1/ptm/bx/n' in size <7> not available
(Font)              Font shape `OT1/ptm/b/n' tried instead on input line 32.
LaTeX Font Info:    Font shape `OT1/ptm/bx/n' in size <5> not available
(Font)              Font shape `OT1/ptm/b/n' tried instead on input line 32.
LaTeX Font Info:    Font shape `OT1/ptm/bx/n' in size <12> not available
(Font)              Font shape `OT1/ptm/b/n' tried instead on input line 32.

(./sections/abs.tex) (./sections/intro.tex) (./sections/zxw.tex
LaTeX Font Info:    Font shape `OT1/ptm/bx/n' in size <10.95> not available
(Font)              Font shape `OT1/ptm/b/n' tried instead on input line 11.
LaTeX Font Info:    Font shape `OT1/ptm/bx/n' in size <8> not available
(Font)              Font shape `OT1/ptm/b/n' tried instead on input line 11.
LaTeX Font Info:    Font shape `OT1/ptm/bx/n' in size <6> not available
(Font)              Font shape `OT1/ptm/b/n' tried instead on input line 11.

(./tikz/axioms/s1.tikz) (./tikz/axioms/s1.tikz) (./tikz/axioms/s2.tikz)
(./tikz/axioms/rdotaemptydit0.tikz) (./tikz/axioms/b2.tikz)
(./tikz/axioms/k0copy.tikz

Package mathptmx Warning: There are no bold math fonts on input line 9.

) (./tikz/axioms/s2.tikz) (./tikz/axioms/rdotaemptydit0.tikz)
(./tikz/axioms/b2.tikz) (./tikz/axioms/k0copy.tikz)
(./tikz/axioms/pimultiplecpdit.tikz) (./tikz/axioms/k2adit.tikz)
(./tikz/axioms/zerotoreddit0.tikz) (./tikz/axioms/h_id.tikz)
(./tikz/axioms/pimultiplecpdit.tikz) (./tikz/axioms/k2adit.tikz)
(./tikz/axioms/zerotoreddit0.tikz) (./tikz/axioms/h_id.tikz) [1

{/usr/local/texlive/2024/texmf-var/fonts/map/pdftex/updmap/pdftex.map}{/usr/loc
al/texlive/2024/texmf-dist/fonts/enc/dvips/base/8r.enc}] (./tikz/axioms/phaseco
pydit.tikz)
(./tikz/axioms/wsymetrydit.tikz) (./tikz/axioms/w-bialgebra.tikz)
(./tikz/axioms/phasecopydit.tikz) (./tikz/axioms/wsymetrydit.tikz)
(./tikz/axioms/w-bialgebra.tikz) (./tikz/axioms/additiondit.tikz)
(./tikz/axioms/associatedit.tikz) (./tikz/axioms/w-w-algebra.tikz)
(./tikz/axioms/additiondit.tikz) (./tikz/axioms/associatedit.tikz)
(./tikz/axioms/w-w-algebra.tikz) (./tikz/axioms/triangleocopydit.tikz)
(./tikz/axioms/trianglepicopydit2.tikz) (./tikz/axioms/trialgebra.tikz)
(./tikz/axioms/hadamard-decomposition2.tikz)
(./tikz/axioms/triangleocopydit.tikz) (./tikz/axioms/trianglepicopydit2.tikz)
(./tikz/axioms/trialgebra.tikz) (./tikz/axioms/hadamard-decomposition2.tikz)
(./tikz/defs/wcpy.tikz) (./tikz/defs/wcpy.tikz) (./tikz/defs/wid.tikz)
(./tikz/lemmas/zerobox_statement.tikz) (./tikz/lemmas/zerobox.tikz

LaTeX Warning: Reference `rule:Zer' on page 2 undefined on input line 29.


LaTeX Warning: Reference `rule:K0' on page 2 undefined on input line 38.

) (./tikz/lemmas/cpadd_statement.tikz) [2] (./tikz/lemmas/cpadd.tikz

LaTeX Warning: Reference `rule:BZW' on page 3 undefined on input line 24.


LaTeX Warning: Reference `rule:ADD' on page 3 undefined on input line 28.

) (./tikz/lemmas/cp_add2.tikz

LaTeX Warning: Reference `eq:cp_add' on page 3 undefined on input line 16.


LaTeX Warning: Reference `eq:zerobox' on page 3 undefined on input line 20.

)) (./sections/control.tex

LaTeX Warning: Citation `shaikh2022sum' on page 3 undefined on input line 5.

(./tikz/con/c_mat1.tikz) (./tikz/con/c_mat2.tikz) (./tikz/con/cm_prod.tikz)
(./tikz/con/cm_sum.tikz)

LaTeX Warning: Citation `shaikh2022sum' on page 3 undefined on input line 34.

[3] (./tikz/con/c_state.tikz) (./tikz/con/cs_add_def.tikz)
(./tikz/con/cs_times_def.tikz) (./tikz/func/F_def.tikz)

LaTeX Warning: Citation `mellies2006functorial' on page 4 undefined on input li
ne 63.

(./tikz/func/F_def_box.tikz)

LaTeX Warning: Reference `eq:F_def' on page 4 undefined on input line 70.

(./tikz/func/F_id.tikz) (./tikz/func/F_comp.tikz) [4] (./tikz/func/F_comp2.tikz
) (./tikz/func/F_lax_def.tikz) (./tikz/func/F_lax_nat.tikz)
(./tikz/func/F_lax_ass.tikz)) (./sections/poly.tex [5] (./tikz/con/c_dcopy.tikz
)

LaTeX Warning: Reference `rule:BZW' on page 6 undefined on input line 17.

(./tikz/con/c_dcopy2.tikz

LaTeX Warning: Reference `rule:BZW' on page 6 undefined on input line 51.

) (./tikz/con/c_dcopy3.tikz) (./tikz/con/c_dcopy4.tikz

LaTeX Warning: Reference `eq:w0' on page 6 undefined on input line 40.


LaTeX Warning: Reference `eq:w0' on page 6 undefined on input line 211.

)

LaTeX Warning: Reference `rule: Aso' on page 6 undefined on input line 35.


LaTeX Warning: Reference `rule:S1' on page 6 undefined on input line 35.

(./tikz/con/cm_add_comm_statement.tikz) [6] (./tikz/con/cm_add_comm.tikz)
(./tikz/con/cm_add_id.tikz

LaTeX Warning: Reference `eq:wid' on page 7 undefined on input line 28.

) (./tikz/con/cm_add_inv.tikz

LaTeX Warning: Reference `eq:cm_copy' on page 7 undefined on input line 36.


LaTeX Warning: Reference `eq:x-x=0' on page 7 undefined on input line 61.

) (./tikz/con/cm_dist_statement.tikz) [7] (./tikz/con/cm_dist.tikz

LaTeX Warning: Reference `rule:BZW' on page 8 undefined on input line 99.


LaTeX Warning: Reference `eq:cm_copy' on page 8 undefined on input line 167.


LaTeX Warning: Reference `eq:cm_add_comm' on page 8 undefined on input line 215
.

) (./tikz/con/cs_copy.tikz) (./tikz/con/cs_copy1.tikz)
Underfull \vbox (badness 1067) has occurred while \output is active []

 [8]
(./tikz/con/cs_copy2.tikz) (./tikz/con/cs_add_comm.tikz

LaTeX Warning: Reference `rule:Sym' on page 9 undefined on input line 28.


LaTeX Warning: Reference `rule:Sym' on page 9 undefined on input line 54.

)

LaTeX Warning: Reference `rule:Aso' on page 9 undefined on input line 112.

(./tikz/con/cs_add_id.tikz

LaTeX Warning: Reference `eq:wid' on page 9 undefined on input line 17.

) [9] (./tikz/con/cs_add_inv.tikz

LaTeX Warning: Reference `eq:cs_copy' on page 10 undefined on input line 28.


LaTeX Warning: Reference `eq:x-x=0' on page 10 undefined on input line 61.

)

LaTeX Warning: Reference `rule:S1' on page 10 undefined on input line 140.

(./tikz/distproof/d1.tikz)

LaTeX Warning: Reference `rule:BZW' on page 10 undefined on input line 156.

(./tikz/distproof/d2.tikz) (./tikz/distproof/d3.tikz)

LaTeX Warning: Reference `eq:cs_copy' on page 10 undefined on input line 156.

(./tikz/distproof/d4.tikz) (./tikz/distproof/d5.tikz) (./tikz/distproof/d6.tikz
) (./tikz/distproof/d1.tikz)

LaTeX Warning: Reference `rule:BZW' on page 10 undefined on input line 156.

(./tikz/distproof/d2.tikz) (./tikz/distproof/d3.tikz)

LaTeX Warning: Reference `eq:cs_copy' on page 10 undefined on input line 156.

(./tikz/distproof/d4.tikz) (./tikz/distproof/d5.tikz) (./tikz/distproof/d6.tikz
) [10]

LaTeX Warning: Reference `rule:ADD' on page 11 undefined on input line 163.


LaTeX Warning: Reference `rule:S1' on page 11 undefined on input line 163.

(./tikz/poly/eg1.tikz) (./tikz/poly/eg4.tikz

LaTeX Warning: Reference `rule:Aso' on page 11 undefined on input line 18.


LaTeX Warning: Reference `eq:cp_add' on page 11 undefined on input line 28.

) (./tikz/poly/eg5.tikz

LaTeX Warning: Reference `eq:dbl_dist' on page 11 undefined on input line 12.


LaTeX Warning: Reference `rule:Pcy' on page 11 undefined on input line 28.


LaTeX Warning: Reference `eq:cd_copy' on page 11 undefined on input line 53.


LaTeX Warning: Reference `eq:kill_quad' on page 11 undefined on input line 72.


LaTeX Warning: Reference `eq:cp_add' on page 11 undefined on input line 88.

) [11]

LaTeX Warning: Reference `eq:kill_quad' on page 12 undefined on input line 179.


(./tikz/poly/arith0_statement.tikz)

LaTeX Warning: Reference `rule:Ept' on page 12 undefined on input line 193.


LaTeX Warning: Reference `rule:Bs0' on page 12 undefined on input line 193.


LaTeX Warning: Reference `rule:K0' on page 12 undefined on input line 193.


LaTeX Warning: Reference `eq:wid' on page 12 undefined on input line 193.

(./tikz/poly/pnf.tikz) [12]

LaTeX Warning: Reference `def:cnf' on page 13 undefined on input line 207.


LaTeX Warning: Reference `rule:TA' on page 13 undefined on input line 207.

(./tikz/poly/pnf.tikz) (./tikz/poly/pnf.tikz)

LaTeX Warning: Reference `eq:pnf_vec' on page 13 undefined on input line 226.

(./tikz/poly/lemmas/uni10.tikz) (./tikz/poly/lemmas/uni11.tikz)

LaTeX Warning: Reference `rule:BZW' on page 13 undefined on input line 232.

(./tikz/poly/lemmas/uni12.tikz) (./tikz/poly/lemmas/uni13.tikz)
(./tikz/poly/lemmas/uni10.tikz) (./tikz/poly/lemmas/uni11.tikz)

LaTeX Warning: Reference `rule:BZW' on page 13 undefined on input line 232.

(./tikz/poly/lemmas/uni12.tikz) (./tikz/poly/lemmas/uni13.tikz) [13]
(./tikz/poly/lemmas/uni2.tikz

LaTeX Warning: Reference `rule:K0' on page 14 undefined on input line 79.


LaTeX Warning: Reference `lem:arith_cs' on page 14 undefined on input line 105.


) (./tikz/poly/lemmas/uni3.tikz

LaTeX Warning: Reference `rule:K0' on page 14 undefined on input line 79.


LaTeX Warning: Reference `eq:wont' on page 14 undefined on input line 111.


LaTeX Warning: Reference `lem:arith_cs' on page 14 undefined on input line 137.


)
Underfull \vbox (badness 10000) has occurred while \output is active []

 [14]
(./tikz/poly/lemmas/uni4.tikz) (./tikz/poly/lemmas/uni4.tikz) [15]
(./tikz/poly/lemmas/algtop1.tikz

LaTeX Warning: Reference `eq:wid' on page 16 undefined on input line 15.

)

LaTeX Warning: Reference `eq:kill_quad' on page 16 undefined on input line 291.



LaTeX Warning: Reference `rule:K0' on page 16 undefined on input line 291.

(./tikz/poly/lemmas/algcases1.tikz

LaTeX Warning: Reference `eq:x+x=2x' on page 16 undefined on input line 9.

) (./tikz/poly/lemmas/algcases2.tikz

LaTeX Warning: Reference `rule:BZW' on page 16 undefined on input line 26.

) (./tikz/poly/lemmas/algcases3.tikz

LaTeX Warning: Reference `rule:BZW' on page 16 undefined on input line 27.

) (./tikz/poly/lemmas/algcases4.tikz

LaTeX Warning: Reference `rule:WW' on page 16 undefined on input line 31.


LaTeX Warning: Reference `rule:BZW' on page 16 undefined on input line 48.

) (./tikz/poly/lemmas/algcases5.tikz

LaTeX Warning: Reference `eq:cd_copy' on page 16 undefined on input line 32.

) [16]

LaTeX Warning: Reference `eq:cpk_add' on page 17 undefined on input line 304.


LaTeX Warning: Reference `eq:zerobox' on page 17 undefined on input line 305.


LaTeX Warning: Reference `rule:Sym' on page 17 undefined on input line 306.


Overfull \hbox (4.39238pt too wide) in paragraph at lines 318--319
\OT1/ptm/m/n/10.95 At last we can prove the iso-mor-phism. Through-out we shall
 let $\OMS/ztmcm/m/n/10.95 P[]$ \OT1/ptm/m/n/10.95 de-note the ring $\U/msb/m/n
/10.95 C\OT1/ztmcm/m/n/10.95 [\OML/ztmcm/m/it/10.95 x[]; :::; x[]\OT1/ztmcm/m/n
/10.95 ]\OML/ztmcm/m/it/10.95 =\OT1/ztmcm/m/n/10.95 (\OML/ztmcm/m/it/10.95 x[];
 :::; x[]\OT1/ztmcm/m/n/10.95 )$\OT1/ptm/m/n/10.95 . 
 []

(./tikz/poly/pnf.tikz) (./tikz/poly/homproof/homdef1.tikz)
(./tikz/poly/homproof/homdef2.tikz)
Underfull \hbox (badness 10000) detected at line 346
 []$[]  \OMS/ztmcm/m/n/10.95 8\OML/ztmcm/m/it/10.95 p; q \OMS/ztmcm/m/n/10.95 2
 P[]\OML/ztmcm/m/it/10.95 ; ^^^[]\OT1/ztmcm/m/n/10.95 (\OML/ztmcm/m/it/10.95 p 
\OT1/ztmcm/m/n/10.95 + \OML/ztmcm/m/it/10.95 q\OT1/ztmcm/m/n/10.95 ) = \OML/ztm
cm/m/it/10.95 ^^^[]\OT1/ztmcm/m/n/10.95 (\OML/ztmcm/m/it/10.95 p\OT1/ztmcm/m/n/
10.95 ) \U/msa/m/n/10.95 ^^A \OML/ztmcm/m/it/10.95 ^^^[]\OT1/ztmcm/m/n/10.95 (\
OML/ztmcm/m/it/10.95 q\OT1/ztmcm/m/n/10.95 )\OML/ztmcm/m/it/10.95 ;  ^^^[]\OT1/
ztmcm/m/n/10.95 (\OML/ztmcm/m/it/10.95 p \OMS/ztmcm/m/n/10.95 ^^B \OML/ztmcm/m/
it/10.95 q\OT1/ztmcm/m/n/10.95 ) = \OML/ztmcm/m/it/10.95 ^^^[]\OT1/ztmcm/m/n/10
.95 (\OML/ztmcm/m/it/10.95 p\OT1/ztmcm/m/n/10.95 ) \U/msa/m/n/10.95 ^^B \OML/zt
mcm/m/it/10.95 ^^^[]\OT1/ztmcm/m/n/10.95 (\OML/ztmcm/m/it/10.95 q\OT1/ztmcm/m/n
/10.95 )  $ 
 []

[17] (./tikz/poly/homproof/hombaseadd.tikz

LaTeX Warning: Reference `eq:cp_add' on page 18 undefined on input line 31.

) (./tikz/poly/homproof/bt1.tikz)

LaTeX Warning: Reference `eq:dbl_dist' on page 18 undefined on input line 362.

(./tikz/poly/homproof/bt2.tikz)

LaTeX Warning: Reference `eq:cd_copy' on page 18 undefined on input line 362.

(./tikz/poly/homproof/bt3.tikz)

LaTeX Warning: Reference `rule:Pcy' on page 18 undefined on input line 362.

(./tikz/poly/homproof/bt4.tikz)

LaTeX Warning: Reference `eq:kill_quad' on page 18 undefined on input line 362.


(./tikz/poly/homproof/bt5.tikz)

LaTeX Warning: Reference `eq:0times' on page 18 undefined on input line 362.

(./tikz/poly/homproof/bt6.tikz)

LaTeX Warning: Reference `eq:cp_add' on page 18 undefined on input line 362.

(./tikz/poly/homproof/bt7.tikz) (./tikz/poly/homproof/bt1.tikz)

LaTeX Warning: Reference `eq:dbl_dist' on page 18 undefined on input line 362.

(./tikz/poly/homproof/bt2.tikz)

LaTeX Warning: Reference `eq:cd_copy' on page 18 undefined on input line 362.

(./tikz/poly/homproof/bt3.tikz)

LaTeX Warning: Reference `rule:Pcy' on page 18 undefined on input line 362.

(./tikz/poly/homproof/bt4.tikz)

LaTeX Warning: Reference `eq:kill_quad' on page 18 undefined on input line 362.


(./tikz/poly/homproof/bt5.tikz)

LaTeX Warning: Reference `eq:0times' on page 18 undefined on input line 362.

(./tikz/poly/homproof/bt6.tikz)

LaTeX Warning: Reference `eq:cp_add' on page 18 undefined on input line 362.

(./tikz/poly/homproof/bt7.tikz) [18]
pdfTeX warning (ext4): destination with the same identifier (name{equation.5.15
}) has been already used, duplicate ignored
<to be read again> 
                   \relax 
l.375     \begin{equation}
                          \label{eq:ih1}\tag{IH1}
pdfTeX warning (ext4): destination with the same identifier (name{equation.5.15
}) has been already used, duplicate ignored
<to be read again> 
                   \relax 
l.375     \begin{equation}
                          \label{eq:ih1}\tag{IH1}
pdfTeX warning (ext4): destination with the same identifier (name{equation.5.15
}) has been already used, duplicate ignored
<to be read again> 
                   \relax 
l.375     \begin{equation}
                          \label{eq:ih1}\tag{IH1}
pdfTeX warning (ext4): destination with the same identifier (name{equation.5.15
}) has been already used, duplicate ignored
<to be read again> 
                   \relax 
l.375     \begin{equation}
                          \label{eq:ih1}\tag{IH1}
(./tikz/poly/homproof/ih1.tikz)
pdfTeX warning (ext4): destination with the same identifier (name{equation.5.15
}) has been already used, duplicate ignored
<to be read again> 
                   \relax 
l.378     \begin{equation}
                          \label{eq:ih2}\tag{IH2}
pdfTeX warning (ext4): destination with the same identifier (name{equation.5.15
}) has been already used, duplicate ignored
<to be read again> 
                   \relax 
l.378     \begin{equation}
                          \label{eq:ih2}\tag{IH2}
pdfTeX warning (ext4): destination with the same identifier (name{equation.5.15
}) has been already used, duplicate ignored
<to be read again> 
                   \relax 
l.378     \begin{equation}
                          \label{eq:ih2}\tag{IH2}
pdfTeX warning (ext4): destination with the same identifier (name{equation.5.15
}) has been already used, duplicate ignored
<to be read again> 
                   \relax 
l.378     \begin{equation}
                          \label{eq:ih2}\tag{IH2}
(./tikz/poly/homproof/ih2.tikz) (./tikz/poly/homproof/sa1.tikz)

LaTeX Warning: Reference `rule:Aso' on page 19 undefined on input line 387.

(./tikz/poly/homproof/sa2.tikz) (./tikz/poly/homproof/sa3.tikz)

LaTeX Warning: Reference `rule:BZW' on page 19 undefined on input line 387.

(./tikz/poly/homproof/sa4.tikz) (./tikz/poly/homproof/sa5.tikz)
(./tikz/poly/homproof/sa1.tikz)

LaTeX Warning: Reference `rule:Aso' on page 19 undefined on input line 387.

(./tikz/poly/homproof/sa2.tikz) (./tikz/poly/homproof/sa3.tikz)

LaTeX Warning: Reference `rule:BZW' on page 19 undefined on input line 387.

(./tikz/poly/homproof/sa4.tikz) (./tikz/poly/homproof/sa5.tikz)
(./tikz/poly/homproof/st1.tikz)

LaTeX Warning: Reference `eq:dbl_dist' on page 19 undefined on input line 401.

(./tikz/poly/homproof/st2.tikz)

LaTeX Warning: Reference `eq:cs_copy' on page 19 undefined on input line 401.

(./tikz/poly/homproof/st3.tikz)

LaTeX Warning: Reference `eq:ih2' on page 19 undefined on input line 401.

(./tikz/poly/homproof/st4.tikz)

LaTeX Warning: Reference `rule:BZW' on page 19 undefined on input line 401.

(./tikz/poly/homproof/st5.tikz) (./tikz/poly/homproof/st6.tikz)

LaTeX Warning: Reference `eq:cs_copy' on page 19 undefined on input line 401.

(./tikz/poly/homproof/st7.tikz)

LaTeX Warning: Reference `eq:ih2' on page 19 undefined on input line 401.

(./tikz/poly/homproof/st8.tikz)

LaTeX Warning: Reference `rule:BZW' on page 19 undefined on input line 401.

(./tikz/poly/homproof/st9.tikz) (./tikz/poly/homproof/st10.tikz)

LaTeX Warning: Reference `eq:kill_quad' on page 19 undefined on input line 401.


(./tikz/poly/homproof/st11.tikz)

LaTeX Warning: Reference `lem:arith_cs' on page 19 undefined on input line 401.



LaTeX Warning: Reference `eq:wid' on page 19 undefined on input line 401.

(./tikz/poly/homproof/st12.tikz)

LaTeX Warning: Reference `eq:ih2' on page 19 undefined on input line 401.

(./tikz/poly/homproof/st13.tikz)

LaTeX Warning: Reference `rule:BZW' on page 19 undefined on input line 401.

(./tikz/poly/homproof/st14.tikz)

LaTeX Warning: Reference `eq:ih1' on page 19 undefined on input line 401.

(./tikz/poly/homproof/st15.tikz) (./tikz/poly/homproof/st1.tikz)

LaTeX Warning: Reference `eq:dbl_dist' on page 19 undefined on input line 401.

(./tikz/poly/homproof/st2.tikz)

LaTeX Warning: Reference `eq:cs_copy' on page 19 undefined on input line 401.

(./tikz/poly/homproof/st3.tikz)

LaTeX Warning: Reference `eq:ih2' on page 19 undefined on input line 401.

(./tikz/poly/homproof/st4.tikz)

LaTeX Warning: Reference `rule:BZW' on page 19 undefined on input line 401.

(./tikz/poly/homproof/st5.tikz) (./tikz/poly/homproof/st6.tikz)

LaTeX Warning: Reference `eq:cs_copy' on page 19 undefined on input line 401.

(./tikz/poly/homproof/st7.tikz)

LaTeX Warning: Reference `eq:ih2' on page 19 undefined on input line 401.

(./tikz/poly/homproof/st8.tikz)

LaTeX Warning: Reference `rule:BZW' on page 19 undefined on input line 401.

(./tikz/poly/homproof/st9.tikz) (./tikz/poly/homproof/st10.tikz)

LaTeX Warning: Reference `eq:kill_quad' on page 19 undefined on input line 401.


(./tikz/poly/homproof/st11.tikz)

LaTeX Warning: Reference `lem:arith_cs' on page 19 undefined on input line 401.



LaTeX Warning: Reference `eq:wid' on page 19 undefined on input line 401.

(./tikz/poly/homproof/st12.tikz)

LaTeX Warning: Reference `eq:ih2' on page 19 undefined on input line 401.

(./tikz/poly/homproof/st13.tikz)

LaTeX Warning: Reference `rule:BZW' on page 19 undefined on input line 401.

(./tikz/poly/homproof/st14.tikz)

LaTeX Warning: Reference `eq:ih1' on page 19 undefined on input line 401.

(./tikz/poly/homproof/st15.tikz)
Underfull \vbox (badness 10000) has occurred while \output is active []

 [19]
Underfull \vbox (badness 10000) has occurred while \output is active []

 [20]

LaTeX Warning: Reference `prop:uni_pnf' on page 21 undefined on input line 409.


(./tikz/poly/pnf.tikz) (./tikz/poly/pnf.tikz) (./tikz/poly/pnf.tikz)
(./tikz/poly/homproof/iso4.tikz) (./tikz/poly/pnf.tikz)
(./tikz/poly/homproof/iso4.tikz)
Underfull \vbox (badness 10000) has occurred while \output is active []

 [21])
(./sections/app.tex) [22]
No file main.bbl.
\pages=\write5
\openout5 = `main.pag'.

(./main.aux)
 ***********
LaTeX2e <2023-11-01> patch level 1
L3 programming layer <2024-02-20>
 ***********


LaTeX Warning: There were undefined references.


LaTeX Warning: Label(s) may have changed. Rerun to get cross-references right.


Package rerunfilecheck Warning: File `main.out' has changed.
(rerunfilecheck)                Rerun to get outlines right
(rerunfilecheck)                or use package `bookmark'.

Package rerunfilecheck Info: Checksums for `main.out':
(rerunfilecheck)             Before: <no file>
(rerunfilecheck)             After:  74C6680F164EE8A086DAE5AD6D8AFF50;1312.
 ) 
Here is how much of TeX's memory you used:
 30603 strings out of 474116
 595559 string characters out of 5743682
 2100187 words of memory out of 5000000
 51880 multiletter control sequences out of 15000+600000
 617057 words of font info for 158 fonts, out of 8000000 for 9000
 1141 hyphenation exceptions out of 8191
 122i,16n,124p,725b,1004s stack positions out of 10000i,1000n,20000p,200000b,200000s
</usr/local/texlive/2024/texmf-dist/fonts/type1/public/amsfonts/cm/cmex10.pfb
></usr/local/texlive/2024/texmf-dist/fonts/type1/public/amsfonts/cm/cmmi10.pfb>
</usr/local/texlive/2024/texmf-dist/fonts/type1/public/amsfonts/cm/cmr10.pfb></
usr/local/texlive/2024/texmf-dist/fonts/type1/public/amsfonts/cm/cmsy10.pfb></u
sr/local/texlive/2024/texmf-dist/fonts/type1/public/amsfonts/symbols/msam10.pfb
></usr/local/texlive/2024/texmf-dist/fonts/type1/public/amsfonts/symbols/msbm10
.pfb></usr/local/texlive/2024/texmf-dist/fonts/type1/public/rsfs/rsfs10.pfb></u
sr/local/texlive/2024/texmf-dist/fonts/type1/urw/symbol/usyr.pfb></usr/local/te
xlive/2024/texmf-dist/fonts/type1/urw/symbol/usyr.pfb></usr/local/texlive/2024/
texmf-dist/fonts/type1/urw/times/utmb8a.pfb></usr/local/texlive/2024/texmf-dist
/fonts/type1/urw/times/utmr8a.pfb></usr/local/texlive/2024/texmf-dist/fonts/typ
e1/urw/times/utmr8a.pfb></usr/local/texlive/2024/texmf-dist/fonts/type1/urw/tim
es/utmri8a.pfb>
Output written on main.pdf (22 pages, 328250 bytes).
PDF statistics:
 273 PDF objects out of 1000 (max. 8388607)
 220 compressed objects within 3 object streams
 103 named destinations out of 1000 (max. 500000)
 13 words of extra memory for PDF output out of 10000 (max. 10000000)

